Archive:  /mnt/data/Code_structural_split_pass4.zip
  inflating: Code.gs                 
  inflating: gematriya.js            
  inflating: help.html               
  inflating: package.json            
  inflating: preferences.html        
  inflating: preferences_css.html    
  inflating: preferences_js.html     
  inflating: release-notes.html      
  inflating: sidebar_css.html        
  inflating: sidebar.html            
  inflating: sidebar_js.html         
  inflating: support.html            
  inflating: surprise-me.html        
  inflating: surprise-me_css.html    
  inflating: surprise-me_js.html     
  inflating: surprise-me-feature.gs  
  inflating: transliteration.gs      
  inflating: ui_api.html             
  inflating: ui_core.gs              
  inflating: ui_core_shared.html     
  inflating: ui_dom.html             
  inflating: ui_feedback.html        
  inflating: ui_head.html            
  inflating: ui_state.html           
  inflating: ai_lesson.html          
  inflating: ai_lesson_css.html      
  inflating: ai_lesson_js.html       
  inflating: AiLessonGateway.gs      
  inflating: appsscript.json         
  inflating: attribution.gs          
  inflating: sidebar_session_library.html  
  inflating: sidebar_results_render.html  
  inflating: sidebar_preview_render.html  
  inflating: sidebar_composition_controls.html  
  inflating: sidebar_display_controls.html  
  inflating: sidebar_footer_actions.html  
